<?xml version="1.0" encoding="UTF-8"?>
<!-- Generated by org.testng.reporters.JUnitReportReporter -->
<testsuite skipped="0" hostname="DESKTOP-D7F5742" name="testautomation.Mainclass" tests="1" failures="0" timestamp="28 Jun 2018 10:53:38 GMT" time="7.849" errors="0">
  <testcase name="print_data" time="7.849" classname="testautomation.Mainclass"/>
</testsuite> <!-- testautomation.Mainclass -->
