<?xml version="1.0" encoding="UTF-8"?>
<!-- Generated by org.testng.reporters.JUnitReportReporter -->
<testsuite skipped="0" hostname="DESKTOP-O4L880P" name="testautomation.ReadLeagueTable" tests="1" failures="0" timestamp="09 Jul 2018 03:07:54 GMT" time="38.456" errors="0">
  <testcase name="print_data" time="38.456" classname="testautomation.ReadLeagueTable"/>
</testsuite> <!-- testautomation.ReadLeagueTable -->
