<?xml version="1.0" encoding="UTF-8"?>
<!-- Generated by org.testng.reporters.JUnitReportReporter -->
<testsuite skipped="0" hostname="DESKTOP-D7F5742" name="testautomation.readtbl" tests="1" failures="0" timestamp="04 Jul 2018 09:23:37 GMT" time="2.823" errors="0">
  <testcase name="print_data" time="2.823" classname="testautomation.readtbl"/>
</testsuite> <!-- testautomation.readtbl -->
