<?xml version="1.0" encoding="UTF-8"?>
<!-- Generated by org.testng.reporters.JUnitReportReporter -->
<testsuite skipped="0" hostname="DESKTOP-O4L880P" name="testautomation.ReadLeagueTable" tests="1" failures="0" timestamp="09 Jul 2018 06:12:16 GMT" time="26.820" errors="0">
  <testcase name="print_data" time="26.820" classname="testautomation.ReadLeagueTable"/>
</testsuite> <!-- testautomation.ReadLeagueTable -->
