<?xml version="1.0" encoding="UTF-8"?>
<!-- Generated by org.testng.reporters.JUnitReportReporter -->
<testsuite skipped="0" hostname="DESKTOP-D7F5742" name="testautomation.ReadLeagueTable" tests="1" failures="0" timestamp="08 Jul 2018 07:19:30 GMT" time="12.174" errors="0">
  <testcase name="print_data" time="12.174" classname="testautomation.ReadLeagueTable"/>
</testsuite> <!-- testautomation.ReadLeagueTable -->
